#
# There is insufficient memory for the Java Runtime Environment to continue.
# Native memory allocation (mmap) failed to map 90439680 bytes for committing reserved memory.
# Possible reasons:
#   The system is out of physical RAM or swap space
#   In 32 bit mode, the process size limit was hit
# Possible solutions:
#   Reduce memory load on the system
#   Increase physical memory or swap space
#   Check if swap backing store is full
#   Use 64 bit Java on a 64 bit OS
#   Decrease Java heap size (-Xmx/-Xms)
#   Decrease number of Java threads
#   Decrease Java thread stack sizes (-Xss)
#   Set larger code cache with -XX:ReservedCodeCacheSize=
# This output file may be truncated or incomplete.
#
#  Out of Memory Error (os_linux.cpp:2673), pid=16337, tid=1674423104
#
# JRE version: Java(TM) SE Runtime Environment (8.0_45-b14) (build 1.8.0_45-b14)
# Java VM: Java HotSpot(TM) Server VM (25.45-b02 mixed mode linux-x86 )
# Failed to write core dump. Core dumps have been disabled. To enable core dumping, try "ulimit -c unlimited" before starting Java again
#

---------------  T H R E A D  ---------------

Current thread (0x63b81400):  VMThread [stack: 0x63c5a000,0x63cdb000] [id=16372]

Stack: [0x63c5a000,0x63cdb000],  sp=0x63cd97a0,  free space=509k
Native frames: (J=compiled Java code, j=interpreted, Vv=VM code, C=native code)
V  [libjvm.so+0x8c1ecf]  VMError::report_and_die()+0x16f
V  [libjvm.so+0x386495]  report_vm_out_of_memory(char const*, int, unsigned int, VMErrorType, char const*)+0x55
V  [libjvm.so+0x7467a6]  os::Linux::commit_memory_impl(char*, unsigned int, bool)+0xe6
V  [libjvm.so+0x746bc8]  os::pd_commit_memory(char*, unsigned int, unsigned int, bool)+0x28
V  [libjvm.so+0x7402ec]  os::commit_memory(char*, unsigned int, unsigned int, bool)+0x2c
V  [libjvm.so+0x7aa598]  PSVirtualSpace::expand_by(unsigned int)+0x48
V  [libjvm.so+0x7ab69a]  PSYoungGen::resize_generation(unsigned int, unsigned int)+0xda
V  [libjvm.so+0x7aa9c9]  PSYoungGen::resize(unsigned int, unsigned int)+0x19
V  [libjvm.so+0x7a82ed]  PSScavenge::invoke_no_policy()+0xd4d
V  [libjvm.so+0x7a8ab8]  PSScavenge::invoke()+0x28
V  [libjvm.so+0x767d8a]  ParallelScavengeHeap::failed_mem_allocate(unsigned int)+0x5a
V  [libjvm.so+0x8c379a]  VM_ParallelGCFailedAllocation::doit()+0x7a
V  [libjvm.so+0x8cc9b7]  VM_Operation::evaluate()+0x47
V  [libjvm.so+0x8caa93]  VMThread::evaluate_operation(VM_Operation*)+0xb3
V  [libjvm.so+0x8cae30]  VMThread::loop()+0x1b0
V  [libjvm.so+0x8cb295]  VMThread::run()+0x85
V  [libjvm.so+0x749049]  java_start(Thread*)+0x119
C  [libpthread.so.0+0x6f70]  start_thread+0xd0

VM_Operation (0xb6771734): ParallelGCFailedAllocation, mode: safepoint, requested by thread 0xb6607800


---------------  P R O C E S S  ---------------

Java Threads: ( => current thread )
  0x63baac00 JavaThread "Service Thread" daemon [_thread_blocked, id=16402, stack(0x6336a000,0x633bb000)]
  0x63ba7800 JavaThread "C1 CompilerThread2" daemon [_thread_blocked, id=16397, stack(0x633bb000,0x6343c000)]
  0x63ba6000 JavaThread "C2 CompilerThread1" daemon [_thread_blocked, id=16394, stack(0x6343c000,0x634bd000)]
  0x63ba4400 JavaThread "C2 CompilerThread0" daemon [_thread_blocked, id=16390, stack(0x634bd000,0x6353e000)]
  0x63ba2c00 JavaThread "Signal Dispatcher" daemon [_thread_blocked, id=16387, stack(0x6353e000,0x6358f000)]
  0x63b86000 JavaThread "Finalizer" daemon [_thread_blocked, id=16380, stack(0x63c09000,0x63c5a000)]
  0x63b84800 JavaThread "Reference Handler" daemon [_thread_blocked, id=16378, stack(0x6682e000,0x6687f000)]
  0xb6607800 JavaThread "main" [_thread_blocked, id=16351, stack(0xb6722000,0xb6773000)]

Other Threads:
=>0x63b81400 VMThread [stack: 0x63c5a000,0x63cdb000] [id=16372]
  0x63bac400 WatcherThread [stack: 0x632e9000,0x6336a000] [id=16406]

VM state:at safepoint (normal execution)

VM Mutex/Monitor currently owned by a thread:  ([mutex/lock_event])
[0xb6604e80] Threads_lock - owner thread: 0x63b81400
[0xb6605290] Heap_lock - owner thread: 0xb6607800

Heap:
 PSYoungGen      total 144128K, used 17650K [0x91ac0000, 0x9bcc0000, 0xa7000000)
  eden space 126464K, 0% used [0x91ac0000,0x91ac0000,0x99640000)
  from space 17664K, 99% used [0x99640000,0x9a77cbc0,0x9a780000)
  to   space 13568K, 0% used [0x9a780000,0x9a780000,0x9b4c0000)
 ParOldGen       total 43776K, used 41876K [0x67000000, 0x69ac0000, 0x91ac0000)
  object space 43776K, 95% used [0x67000000,0x698e5240,0x69ac0000)
 Metaspace       used 3928K, capacity 3974K, committed 3992K, reserved 4400K

Card table byte_map: [0x66dff000,0x67000000] byte_map_base: 0x66ac7000

Marking Bits: (ParMarkBitMap*) 0xb71a9960
 Begin Bits: [0x64700000, 0x65700000)
 End Bits:   [0x65700000, 0x66700000)

Polling page: 0xb77ba000

CodeCache: size=245760Kb used=6945Kb max_used=6950Kb free=238814Kb
 bounds [0xa75aa000, 0xa7c7a000, 0xb65aa000]
 total_blobs=2038 nmethods=1881 adapters=71
 compilation: enabled

Compilation events (10 events):
Event: 6,967 Thread 0x63ba7800 1949       2       com.android.dx.ssa.ConstCollector$1::compare (42 bytes)
Event: 6,967 Thread 0x63ba7800 nmethod 1949 0xa7c1f088 code [0xa7c1f200, 0xa7c1f468]
Event: 6,968 Thread 0x63ba7800 1950       2       java.util.HashMap$TreeNode::find (172 bytes)
Event: 6,968 Thread 0x63ba7800 nmethod 1950 0xa7c48048 code [0xa7c481a0, 0xa7c484d0]
Event: 6,972 Thread 0x63ba4400 nmethod 1819 0xa7c47988 code [0xa7c47ac0, 0xa7c47ce4]
Event: 6,972 Thread 0x63ba4400 1888       4       com.android.dx.cf.code.ValueAwareMachine::run (1142 bytes)
Event: 6,995 Thread 0x63ba7800 1954       2       com.android.dx.ssa.DomFront::calcDomFronts (154 bytes)
Event: 6,996 Thread 0x63ba7800 nmethod 1954 0xa7c20d08 code [0xa7c20ec0, 0xa7c21394]
Event: 7,084 Thread 0x63ba7800 1956       2       java.util.HashMap::comparableClassFor (105 bytes)
Event: 7,084 Thread 0x63ba7800 nmethod 1956 0xa7c471c8 code [0xa7c47340, 0xa7c4767c]

GC Heap History (10 events):
Event: 3,095 GC heap after
Heap after GC invocations=4 (full 0):
 PSYoungGen      total 35840K, used 2557K [0x91ac0000, 0x94040000, 0xa7000000)
  eden space 33280K, 0% used [0x91ac0000,0x91ac0000,0x93b40000)
  from space 2560K, 99% used [0x93dc0000,0x9403f720,0x94040000)
  to   space 2560K, 0% used [0x93b40000,0x93b40000,0x93dc0000)
 ParOldGen       total 43776K, used 8859K [0x67000000, 0x69ac0000, 0x91ac0000)
  object space 43776K, 20% used [0x67000000,0x678a6ed0,0x69ac0000)
 Metaspace       used 3795K, capacity 3870K, committed 3992K, reserved 4400K
}
Event: 3,558 GC heap before
{Heap before GC invocations=5 (full 0):
 PSYoungGen      total 35840K, used 35837K [0x91ac0000, 0x94040000, 0xa7000000)
  eden space 33280K, 100% used [0x91ac0000,0x93b40000,0x93b40000)
  from space 2560K, 99% used [0x93dc0000,0x9403f720,0x94040000)
  to   space 2560K, 0% used [0x93b40000,0x93b40000,0x93dc0000)
 ParOldGen       total 43776K, used 8859K [0x67000000, 0x69ac0000, 0x91ac0000)
  object space 43776K, 20% used [0x67000000,0x678a6ed0,0x69ac0000)
 Metaspace       used 3803K, capacity 3870K, committed 3992K, reserved 4400K
Event: 3,580 GC heap after
Heap after GC invocations=5 (full 0):
 PSYoungGen      total 35840K, used 2548K [0x91ac0000, 0x96940000, 0xa7000000)
  eden space 33280K, 0% used [0x91ac0000,0x91ac0000,0x93b40000)
  from space 2560K, 99% used [0x93b40000,0x93dbd1b0,0x93dc0000)
  to   space 6912K, 0% used [0x96280000,0x96280000,0x96940000)
 ParOldGen       total 43776K, used 13355K [0x67000000, 0x69ac0000, 0x91ac0000)
  object space 43776K, 30% used [0x67000000,0x67d0acf0,0x69ac0000)
 Metaspace       used 3803K, capacity 3870K, committed 3992K, reserved 4400K
}
Event: 3,972 GC heap before
{Heap before GC invocations=6 (full 0):
 PSYoungGen      total 35840K, used 35828K [0x91ac0000, 0x96940000, 0xa7000000)
  eden space 33280K, 100% used [0x91ac0000,0x93b40000,0x93b40000)
  from space 2560K, 99% used [0x93b40000,0x93dbd1b0,0x93dc0000)
  to   space 6912K, 0% used [0x96280000,0x96280000,0x96940000)
 ParOldGen       total 43776K, used 13355K [0x67000000, 0x69ac0000, 0x91ac0000)
  object space 43776K, 30% used [0x67000000,0x67d0acf0,0x69ac0000)
 Metaspace       used 3822K, capacity 3902K, committed 3992K, reserved 4400K
Event: 4,001 GC heap after
Heap after GC invocations=6 (full 0):
 PSYoungGen      total 72192K, used 6909K [0x91ac0000, 0x96bc0000, 0xa7000000)
  eden space 65280K, 0% used [0x91ac0000,0x91ac0000,0x95a80000)
  from space 6912K, 99% used [0x96280000,0x9693f590,0x96940000)
  to   space 8192K, 0% used [0x95a80000,0x95a80000,0x96280000)
 ParOldGen       total 43776K, used 14463K [0x67000000, 0x69ac0000, 0x91ac0000)
  object space 43776K, 33% used [0x67000000,0x67e1fcb8,0x69ac0000)
 Metaspace       used 3822K, capacity 3902K, committed 3992K, reserved 4400K
}
Event: 4,763 GC heap before
{Heap before GC invocations=7 (full 0):
 PSYoungGen      total 72192K, used 72189K [0x91ac0000, 0x96bc0000, 0xa7000000)
  eden space 65280K, 100% used [0x91ac0000,0x95a80000,0x95a80000)
  from space 6912K, 99% used [0x96280000,0x9693f590,0x96940000)
  to   space 8192K, 0% used [0x95a80000,0x95a80000,0x96280000)
 ParOldGen       total 43776K, used 14463K [0x67000000, 0x69ac0000, 0x91ac0000)
  object space 43776K, 33% used [0x67000000,0x67e1fcb8,0x69ac0000)
 Metaspace       used 3856K, capacity 3934K, committed 3992K, reserved 4400K
Event: 4,833 GC heap after
Heap after GC invocations=7 (full 0):
 PSYoungGen      total 73472K, used 8188K [0x91ac0000, 0x9b4c0000, 0xa7000000)
  eden space 65280K, 0% used [0x91ac0000,0x91ac0000,0x95a80000)
  from space 8192K, 99% used [0x95a80000,0x9627f018,0x96280000)
  to   space 13568K, 0% used [0x9a780000,0x9a780000,0x9b4c0000)
 ParOldGen       total 43776K, used 22973K [0x67000000, 0x69ac0000, 0x91ac0000)
  object space 43776K, 52% used [0x67000000,0x6866f7d0,0x69ac0000)
 Metaspace       used 3856K, capacity 3934K, committed 3992K, reserved 4400K
}
Event: 5,368 GC heap before
{Heap before GC invocations=8 (full 0):
 PSYoungGen      total 73472K, used 73468K [0x91ac0000, 0x9b4c0000, 0xa7000000)
  eden space 65280K, 100% used [0x91ac0000,0x95a80000,0x95a80000)
  from space 8192K, 99% used [0x95a80000,0x9627f018,0x96280000)
  to   space 13568K, 0% used [0x9a780000,0x9a780000,0x9b4c0000)
 ParOldGen       total 43776K, used 22973K [0x67000000, 0x69ac0000, 0x91ac0000)
  object space 43776K, 52% used [0x67000000,0x6866f7d0,0x69ac0000)
 Metaspace       used 3859K, capacity 3934K, committed 3992K, reserved 4400K
Event: 5,460 GC heap after
Heap after GC invocations=8 (full 0):
 PSYoungGen      total 140032K, used 13566K [0x91ac0000, 0x9bcc0000, 0xa7000000)
  eden space 126464K, 0% used [0x91ac0000,0x91ac0000,0x99640000)
  from space 13568K, 99% used [0x9a780000,0x9b4bf9f0,0x9b4c0000)
  to   space 17664K, 0% used [0x99640000,0x99640000,0x9a780000)
 ParOldGen       total 43776K, used 28063K [0x67000000, 0x69ac0000, 0x91ac0000)
  object space 43776K, 64% used [0x67000000,0x68b67dd0,0x69ac0000)
 Metaspace       used 3859K, capacity 3934K, committed 3992K, reserved 4400K
}
Event: 7,112 GC heap before
{Heap before GC invocations=9 (full 0):
 PSYoungGen      total 140032K, used 140030K [0x91ac0000, 0x9bcc0000, 0xa7000000)
  eden space 126464K, 100% used [0x91ac0000,0x99640000,0x99640000)
  from space 13568K, 99% used [0x9a780000,0x9b4bf9f0,0x9b4c0000)
  to   space 17664K, 0% used [0x99640000,0x99640000,0x9a780000)
 ParOldGen       total 43776K, used 28063K [0x67000000, 0x69ac0000, 0x91ac0000)
  object space 43776K, 64% used [0x67000000,0x68b67dd0,0x69ac0000)
 Metaspace       used 3928K, capacity 3974K, committed 3992K, reserved 4400K

Deoptimization events (10 events):
Event: 4,890 Thread 0xb6607800 Uncommon trap: reason=bimorphic action=maybe_recompile pc=0xa7baa18c method=com.android.dx.cf.code.BytecodeArray.parseInstruction(ILcom/android/dx/cf/code/BytecodeArray$Visitor;)I @ 2135
Event: 4,890 Thread 0xb6607800 Uncommon trap: reason=bimorphic action=maybe_recompile pc=0xa7baa18c method=com.android.dx.cf.code.BytecodeArray.parseInstruction(ILcom/android/dx/cf/code/BytecodeArray$Visitor;)I @ 2135
Event: 5,233 Thread 0xb6607800 Uncommon trap: reason=class_check action=maybe_recompile pc=0xa790c390 method=java.util.HashMap.putVal(ILjava/lang/Object;Ljava/lang/Object;ZZ)Ljava/lang/Object; @ 203
Event: 5,233 Thread 0xb6607800 Uncommon trap: reason=class_check action=maybe_recompile pc=0xa790c390 method=java.util.HashMap.putVal(ILjava/lang/Object;Ljava/lang/Object;ZZ)Ljava/lang/Object; @ 203
Event: 5,233 Thread 0xb6607800 Uncommon trap: reason=class_check action=maybe_recompile pc=0xa790c390 method=java.util.HashMap.putVal(ILjava/lang/Object;Ljava/lang/Object;ZZ)Ljava/lang/Object; @ 203
Event: 6,501 Thread 0xb6607800 Uncommon trap: reason=unstable_if action=reinterpret pc=0xa7bfc3c0 method=java.util.HashMap.putVal(ILjava/lang/Object;Ljava/lang/Object;ZZ)Ljava/lang/Object; @ 162
Event: 6,513 Thread 0xb6607800 Uncommon trap: reason=unstable_if action=reinterpret pc=0xa7ac547c method=java.util.HashMap.getNode(ILjava/lang/Object;)Ljava/util/HashMap$Node; @ 84
Event: 6,669 Thread 0xb6607800 Uncommon trap: reason=unstable_if action=reinterpret pc=0xa7bc9014 method=java.util.HashMap.putVal(ILjava/lang/Object;Ljava/lang/Object;ZZ)Ljava/lang/Object; @ 162
Event: 6,670 Thread 0xb6607800 Uncommon trap: reason=unstable_if action=reinterpret pc=0xa7b76c64 method=java.util.HashMap.getNode(ILjava/lang/Object;)Ljava/util/HashMap$Node; @ 84
Event: 6,856 Thread 0xb6607800 Uncommon trap: reason=unstable_if action=reinterpret pc=0xa7c4fd44 method=java.util.HashMap.getNode(ILjava/lang/Object;)Ljava/util/HashMap$Node; @ 84

Internal exceptions (7 events):
Event: 0,240 Thread 0xb6607800 Exception <a 'java/lang/NoSuchMethodError': Method sun.misc.Unsafe.defineClass(Ljava/lang/String;[BII)Ljava/lang/Class; name or signature does not match> (0x91ad03f8) thrown at [/HUDSON/workspace/8-2-build-linux-i586/jdk8u45/3457/hotspot/src/share/vm/prim
Event: 0,240 Thread 0xb6607800 Exception <a 'java/lang/NoSuchMethodError': Method sun.misc.Unsafe.prefetchRead(Ljava/lang/Object;J)V name or signature does not match> (0x91ad0678) thrown at [/HUDSON/workspace/8-2-build-linux-i586/jdk8u45/3457/hotspot/src/share/vm/prims/jni.cpp, line 39
Event: 1,607 Thread 0xb6607800 Implicit null exception at 0xa77ea82d to 0xa77ec3fd
Event: 3,081 Thread 0xb6607800 Implicit null exception at 0xa793226b to 0xa7932342
Event: 6,509 Thread 0xb6607800 Exception <a 'java/lang/ArrayIndexOutOfBoundsException': 18> (0x97336860) thrown at [/HUDSON/workspace/8-2-build-linux-i586/jdk8u45/3457/hotspot/src/share/vm/interpreter/interpreterRuntime.cpp, line 366]
Event: 6,509 Thread 0xb6607800 Exception <a 'java/lang/ArrayIndexOutOfBoundsException'> (0x97338060) thrown at [/HUDSON/workspace/8-2-build-linux-i586/jdk8u45/3457/hotspot/src/share/vm/runtime/sharedRuntime.cpp, line 605]
Event: 6,512 Thread 0xb6607800 Exception <a 'java/lang/ArrayIndexOutOfBoundsException'> (0x973390a0) thrown at [/HUDSON/workspace/8-2-build-linux-i586/jdk8u45/3457/hotspot/src/share/vm/runtime/sharedRuntime.cpp, line 605]

Events (10 events):
Event: 6,670 Thread 0xb6607800 DEOPT PACKING pc=0xa7b76c64 sp=0xb6771720
Event: 6,670 Thread 0xb6607800 DEOPT UNPACKING pc=0xa75e4e55 sp=0xb677151c mode 2
Event: 6,856 Thread 0xb6607800 Uncommon trap: trap_request=0xffffff65 fr.pc=0xa7c4fd44
Event: 6,856 Thread 0xb6607800 DEOPT PACKING pc=0xa7c4fd44 sp=0xb67714e0
Event: 6,856 Thread 0xb6607800 DEOPT UNPACKING pc=0xa75e4e55 sp=0xb6771398 mode 2
Event: 6,955 Thread 0xb6607800 DEOPT PACKING pc=0xa7c26af4 sp=0xb6771710
Event: 6,955 Thread 0xb6607800 DEOPT UNPACKING pc=0xa75e6590 sp=0xb67715f4 mode 0
Event: 6,996 Thread 0xb6607800 DEOPT PACKING pc=0xa7a1a5bc sp=0xb6771650
Event: 6,996 Thread 0xb6607800 DEOPT UNPACKING pc=0xa75e6590 sp=0xb67714d8 mode 0
Event: 7,098 Executing VM operation: ParallelGCFailedAllocation


Dynamic libraries:
08048000-08049000 r-xp 00000000 08:01 1973291    /usr/lib/jvm/java-8-oracle/bin/java
08049000-0804a000 rw-p 00000000 08:01 1973291    /usr/lib/jvm/java-8-oracle/bin/java
09166000-09188000 rw-p 00000000 00:00 0          [heap]
60800000-608e5000 rw-p 00000000 00:00 0 
608e5000-60900000 ---p 00000000 00:00 0 
60a00000-60ba0000 rw-p 00000000 00:00 0 
60ba0000-60c00000 ---p 00000000 00:00 0 
60c00000-60cfc000 rw-p 00000000 00:00 0 
60cfc000-60d00000 ---p 00000000 00:00 0 
60d00000-60e00000 rw-p 00000000 00:00 0 
60e00000-60ee7000 rw-p 00000000 00:00 0 
60ee7000-60f00000 ---p 00000000 00:00 0 
61000000-610fc000 rw-p 00000000 00:00 0 
610fc000-61100000 ---p 00000000 00:00 0 
61100000-611c8000 rw-p 00000000 00:00 0 
611c8000-61200000 ---p 00000000 00:00 0 
61200000-612fc000 rw-p 00000000 00:00 0 
612fc000-61300000 ---p 00000000 00:00 0 
61300000-613f8000 rw-p 00000000 00:00 0 
613f8000-61400000 ---p 00000000 00:00 0 
61400000-614e7000 rw-p 00000000 00:00 0 
614e7000-61500000 ---p 00000000 00:00 0 
61500000-615fb000 rw-p 00000000 00:00 0 
615fb000-61600000 ---p 00000000 00:00 0 
61600000-61629000 rw-p 00000000 00:00 0 
61629000-61700000 ---p 00000000 00:00 0 
61800000-618fc000 rw-p 00000000 00:00 0 
618fc000-61900000 ---p 00000000 00:00 0 
61900000-619fe000 rw-p 00000000 00:00 0 
619fe000-61a00000 ---p 00000000 00:00 0 
61a00000-61ab3000 rw-p 00000000 00:00 0 
61ab3000-61b00000 ---p 00000000 00:00 0 
61c00000-61cb9000 rw-p 00000000 00:00 0 
61cb9000-61d00000 ---p 00000000 00:00 0 
61e00000-61efb000 rw-p 00000000 00:00 0 
61efb000-61f00000 ---p 00000000 00:00 0 
62000000-620fd000 rw-p 00000000 00:00 0 
620fd000-62100000 ---p 00000000 00:00 0 
62200000-622af000 rw-p 00000000 00:00 0 
622af000-62300000 ---p 00000000 00:00 0 
62300000-623fd000 rw-p 00000000 00:00 0 
623fd000-62400000 ---p 00000000 00:00 0 
62400000-624fe000 rw-p 00000000 00:00 0 
624fe000-62500000 ---p 00000000 00:00 0 
62600000-626fa000 rw-p 00000000 00:00 0 
626fa000-62700000 ---p 00000000 00:00 0 
62800000-628fe000 rw-p 00000000 00:00 0 
628fe000-62900000 ---p 00000000 00:00 0 
62900000-629fb000 rw-p 00000000 00:00 0 
629fb000-62a00000 ---p 00000000 00:00 0 
62a00000-62af9000 rw-p 00000000 00:00 0 
62af9000-62b00000 ---p 00000000 00:00 0 
62b00000-62bfd000 rw-p 00000000 00:00 0 
62bfd000-62c00000 ---p 00000000 00:00 0 
62d00000-62dde000 rw-p 00000000 00:00 0 
62dde000-62e00000 ---p 00000000 00:00 0 
62e00000-62efa000 rw-p 00000000 00:00 0 
62efa000-62f00000 ---p 00000000 00:00 0 
62f00000-630fc000 rw-p 00000000 00:00 0 
630fc000-63100000 ---p 00000000 00:00 0 
63100000-631a3000 rw-p 00000000 00:00 0 
631a3000-63200000 ---p 00000000 00:00 0 
63261000-632e9000 rw-p 00000000 00:00 0 
632e9000-632ea000 ---p 00000000 00:00 0 
632ea000-6336a000 rw-p 00000000 00:00 0          [stack:16406]
6336a000-6336d000 ---p 00000000 00:00 0 
6336d000-633bb000 rw-p 00000000 00:00 0          [stack:16402]
633bb000-633be000 ---p 00000000 00:00 0 
633be000-6343c000 rw-p 00000000 00:00 0          [stack:16397]
6343c000-6343f000 ---p 00000000 00:00 0 
6343f000-634bd000 rw-p 00000000 00:00 0          [stack:16394]
634bd000-634c0000 ---p 00000000 00:00 0 
634c0000-6353e000 rw-p 00000000 00:00 0          [stack:16390]
6353e000-63541000 ---p 00000000 00:00 0 
63541000-6358f000 rw-p 00000000 00:00 0          [stack:16387]
6358f000-63700000 r--p 003fa000 08:01 6422985    /usr/lib/locale/locale-archive
63700000-63900000 r--p 00000000 08:01 6422985    /usr/lib/locale/locale-archive
63900000-639f8000 rw-p 00000000 00:00 0 
639f8000-63a00000 ---p 00000000 00:00 0 
63a00000-63a21000 rw-p 00000000 00:00 0 
63a21000-63b00000 ---p 00000000 00:00 0 
63b00000-63bfe000 rw-p 00000000 00:00 0 
63bfe000-63c00000 ---p 00000000 00:00 0 
63c09000-63c0c000 ---p 00000000 00:00 0 
63c0c000-63c5a000 rw-p 00000000 00:00 0          [stack:16380]
63c5a000-63c5b000 ---p 00000000 00:00 0 
63c5b000-63cdb000 rw-p 00000000 00:00 0          [stack:16372]
63cdb000-63eb4000 r--s 03d09000 08:01 1973188    /usr/lib/jvm/java-8-oracle/jre/lib/rt.jar
63eb4000-6429a000 rw-p 00000000 00:00 0 
6429a000-64300000 ---p 00000000 00:00 0 
64300000-66700000 rw-p 00000000 00:00 0 
66700000-667d3000 rw-p 00000000 00:00 0 
667d3000-66800000 ---p 00000000 00:00 0 
6682e000-66831000 ---p 00000000 00:00 0 
66831000-6687f000 rw-p 00000000 00:00 0          [stack:16378]
6687f000-66880000 ---p 00000000 00:00 0 
66880000-66900000 rw-p 00000000 00:00 0          [stack:16367]
66900000-669fa000 rw-p 00000000 00:00 0 
669fa000-66a00000 ---p 00000000 00:00 0 
66a00000-66a21000 rw-p 00000000 00:00 0 
66a21000-66b00000 ---p 00000000 00:00 0 
66b1e000-66b30000 r--s 000c6000 08:05 5639166    /home/oleg/AndroidStudioProjects/exInformer_all_1/ExInformer/ExInformerUI/build/intermediates/exploded-aar/com.android.support/support-v4/22.2.0/classes.jar
66b30000-66b7f000 rw-p 00000000 00:00 0 
66b7f000-66b80000 ---p 00000000 00:00 0 
66b80000-66c00000 rw-p 00000000 00:00 0          [stack:16365]
66c00000-66c21000 rw-p 00000000 00:00 0 
66c21000-66d00000 ---p 00000000 00:00 0 
66d0b000-66d7e000 rw-p 00000000 00:00 0 
66d7e000-66d7f000 ---p 00000000 00:00 0 
66d7f000-66e15000 rw-p 00000000 00:00 0          [stack:16359]
66e15000-66f54000 ---p 00000000 00:00 0 
66f54000-66fa6000 rw-p 00000000 00:00 0 
66fa6000-66fff000 ---p 00000000 00:00 0 
66fff000-69ac0000 rw-p 00000000 00:00 0 
69ac0000-91ac0000 ---p 00000000 00:00 0 
91ac0000-9bcc0000 rw-p 00000000 00:00 0 
a1130000-a12ca000 rw-p 00000000 00:00 0 
a12ca000-a12d1000 r--s 00000000 08:01 6467689    /usr/lib/i386-linux-gnu/gconv/gconv-modules.cache
a12d1000-a1300000 r--p 00000000 08:01 7091529    /usr/share/locale-langpack/ru/LC_MESSAGES/libc.mo
a1300000-a7000000 ---p 00000000 00:00 0 
a7004000-a7013000 r--s 000dd000 08:01 7211819    /usr/local/lib/android-sdk-linux/build-tools/22.0.1/lib/dx.jar
a7013000-a7014000 ---p 00000000 00:00 0 
a7014000-a70aa000 rw-p 00000000 00:00 0          [stack:16355]
a70aa000-a71ea000 ---p 00000000 00:00 0 
a71ea000-a7206000 rw-p 00000000 00:00 0 
a7206000-a75aa000 ---p 00000000 00:00 0 
a75aa000-a7c7a000 rwxp 00000000 00:00 0 
a7c7a000-b65aa000 ---p 00000000 00:00 0 
b65aa000-b65b5000 r-xp 00000000 08:01 278837     /lib/i386-linux-gnu/libnss_files-2.19.so
b65b5000-b65b6000 r--p 0000a000 08:01 278837     /lib/i386-linux-gnu/libnss_files-2.19.so
b65b6000-b65b7000 rw-p 0000b000 08:01 278837     /lib/i386-linux-gnu/libnss_files-2.19.so
b65b8000-b65b9000 rw-p 00000000 00:00 0 
b65b9000-b65d2000 r-xp 00000000 08:01 3145912    /usr/lib/jvm/java-8-oracle/jre/lib/i386/libzip.so
b65d2000-b65d3000 rw-p 00018000 08:01 3145912    /usr/lib/jvm/java-8-oracle/jre/lib/i386/libzip.so
b65d3000-b65db000 rw-s 00000000 08:01 402039     /tmp/hsperfdata_oleg/16337
b65db000-b65ff000 r-xp 00000000 08:01 3145986    /usr/lib/jvm/java-8-oracle/jre/lib/i386/libjava.so
b65ff000-b6600000 rw-p 00023000 08:01 3145986    /usr/lib/jvm/java-8-oracle/jre/lib/i386/libjava.so
b6600000-b66fb000 rw-p 00000000 00:00 0 
b66fb000-b6700000 ---p 00000000 00:00 0 
b6700000-b6715000 r-xp 00000000 08:01 278820     /lib/i386-linux-gnu/libnsl-2.19.so
b6715000-b6716000 r--p 00015000 08:01 278820     /lib/i386-linux-gnu/libnsl-2.19.so
b6716000-b6717000 rw-p 00016000 08:01 278820     /lib/i386-linux-gnu/libnsl-2.19.so
b6717000-b6719000 rw-p 00000000 00:00 0 
b6719000-b6720000 r-xp 00000000 08:01 278839     /lib/i386-linux-gnu/librt-2.19.so
b6720000-b6721000 r--p 00006000 08:01 278839     /lib/i386-linux-gnu/librt-2.19.so
b6721000-b6722000 rw-p 00007000 08:01 278839     /lib/i386-linux-gnu/librt-2.19.so
b6722000-b6725000 ---p 00000000 00:00 0 
b6725000-b6773000 rw-p 00000000 00:00 0          [stack:16351]
b6773000-b67b7000 r-xp 00000000 08:01 278825     /lib/i386-linux-gnu/libm-2.19.so
b67b7000-b67b8000 r--p 00043000 08:01 278825     /lib/i386-linux-gnu/libm-2.19.so
b67b8000-b67b9000 rw-p 00044000 08:01 278825     /lib/i386-linux-gnu/libm-2.19.so
b67b9000-b712c000 r-xp 00000000 08:01 3145910    /usr/lib/jvm/java-8-oracle/jre/lib/i386/server/libjvm.so
b712c000-b7198000 rw-p 00972000 08:01 3145910    /usr/lib/jvm/java-8-oracle/jre/lib/i386/server/libjvm.so
b7198000-b75be000 rw-p 00000000 00:00 0 
b75be000-b7766000 r-xp 00000000 08:01 278810     /lib/i386-linux-gnu/libc-2.19.so
b7766000-b7768000 r--p 001a8000 08:01 278810     /lib/i386-linux-gnu/libc-2.19.so
b7768000-b7769000 rw-p 001aa000 08:01 278810     /lib/i386-linux-gnu/libc-2.19.so
b7769000-b776c000 rw-p 00000000 00:00 0 
b776c000-b776f000 r-xp 00000000 08:01 278811     /lib/i386-linux-gnu/libdl-2.19.so
b776f000-b7770000 r--p 00002000 08:01 278811     /lib/i386-linux-gnu/libdl-2.19.so
b7770000-b7771000 rw-p 00003000 08:01 278811     /lib/i386-linux-gnu/libdl-2.19.so
b7771000-b7785000 r-xp 00000000 08:01 3147661    /usr/lib/jvm/java-8-oracle/lib/i386/jli/libjli.so
b7785000-b7786000 rw-p 00014000 08:01 3147661    /usr/lib/jvm/java-8-oracle/lib/i386/jli/libjli.so
b7786000-b7787000 rw-p 00000000 00:00 0 
b7787000-b779f000 r-xp 00000000 08:01 278832     /lib/i386-linux-gnu/libpthread-2.19.so
b779f000-b77a0000 r--p 00018000 08:01 278832     /lib/i386-linux-gnu/libpthread-2.19.so
b77a0000-b77a1000 rw-p 00019000 08:01 278832     /lib/i386-linux-gnu/libpthread-2.19.so
b77a1000-b77a4000 rw-p 00000000 00:00 0 
b77a4000-b77ae000 r-xp 00000000 08:01 278813     /lib/i386-linux-gnu/libnss_nis-2.19.so
b77ae000-b77af000 r--p 00009000 08:01 278813     /lib/i386-linux-gnu/libnss_nis-2.19.so
b77af000-b77b0000 rw-p 0000a000 08:01 278813     /lib/i386-linux-gnu/libnss_nis-2.19.so
b77b0000-b77b7000 r-xp 00000000 08:01 278827     /lib/i386-linux-gnu/libnss_compat-2.19.so
b77b7000-b77b8000 r--p 00006000 08:01 278827     /lib/i386-linux-gnu/libnss_compat-2.19.so
b77b8000-b77b9000 rw-p 00007000 08:01 278827     /lib/i386-linux-gnu/libnss_compat-2.19.so
b77b9000-b77ba000 rw-p 00000000 00:00 0 
b77ba000-b77bb000 ---p 00000000 00:00 0 
b77bb000-b77c6000 r-xp 00000000 08:01 3145978    /usr/lib/jvm/java-8-oracle/jre/lib/i386/libverify.so
b77c6000-b77c7000 rw-p 0000b000 08:01 3145978    /usr/lib/jvm/java-8-oracle/jre/lib/i386/libverify.so
b77c7000-b77c9000 rw-p 00000000 00:00 0 
b77c9000-b77ca000 r-xp 00000000 00:00 0          [vdso]
b77ca000-b77ea000 r-xp 00000000 08:01 278812     /lib/i386-linux-gnu/ld-2.19.so
b77ea000-b77eb000 r--p 0001f000 08:01 278812     /lib/i386-linux-gnu/ld-2.19.so
b77eb000-b77ec000 rw-p 00020000 08:01 278812     /lib/i386-linux-gnu/ld-2.19.so
bfb05000-bfb06000 rwxp 00000000 00:00 0 
bfb38000-bfb59000 rw-p 00000000 00:00 0          [stack]

VM Arguments:
jvm_args: -Xmx1024M -Dfile.encoding=UTF-8 -Duser.country=RU -Duser.language=ru -Duser.variant 
java_command: com.android.dx.command.Main --dex --output /home/oleg/AndroidStudioProjects/exInformer_all_1/ExInformer/ExInformerUI/build/intermediates/pre-dexed/debug/classes-b8339095469ad3686612f5b19f639459dd95c99a.jar /home/oleg/AndroidStudioProjects/exInformer_all_1/ExInformer/ExInformerUI/build/intermediates/exploded-aar/com.android.support/support-v4/22.2.0/classes.jar
java_class_path (initial): /usr/local/lib/android-sdk-linux/build-tools/22.0.1/lib/dx.jar
Launcher Type: SUN_STANDARD

Environment Variables:
PATH=/home/oleg/bin:/usr/local/sbin:/usr/local/bin:/usr/sbin:/usr/bin:/sbin:/bin:/usr/games:/usr/local/games
USERNAME=oleg
LD_LIBRARY_PATH=/home/oleg/android-studio/bin:
SHELL=/bin/bash
DISPLAY=:0.0

Signal Handlers:
SIGSEGV: [libjvm.so+0x8c29a0], sa_mask[0]=11111111011111111101111111111110, sa_flags=SA_RESTART|SA_SIGINFO
SIGBUS: [libjvm.so+0x8c29a0], sa_mask[0]=11111111011111111101111111111110, sa_flags=SA_RESTART|SA_SIGINFO
SIGFPE: [libjvm.so+0x7432d0], sa_mask[0]=11111111011111111101111111111110, sa_flags=SA_RESTART|SA_SIGINFO
SIGPIPE: [libjvm.so+0x7432d0], sa_mask[0]=11111111011111111101111111111110, sa_flags=SA_RESTART|SA_SIGINFO
SIGXFSZ: [libjvm.so+0x7432d0], sa_mask[0]=11111111011111111101111111111110, sa_flags=SA_RESTART|SA_SIGINFO
SIGILL: [libjvm.so+0x7432d0], sa_mask[0]=11111111011111111101111111111110, sa_flags=SA_RESTART|SA_SIGINFO
SIGUSR1: SIG_DFL, sa_mask[0]=00000000000000000000000000000000, sa_flags=none
SIGUSR2: [libjvm.so+0x744860], sa_mask[0]=00100000000000000000000000000000, sa_flags=SA_RESTART|SA_SIGINFO
SIGHUP: [libjvm.so+0x745d10], sa_mask[0]=11111111011111111101111111111110, sa_flags=SA_RESTART|SA_SIGINFO
SIGINT: [libjvm.so+0x745d10], sa_mask[0]=11111111011111111101111111111110, sa_flags=SA_RESTART|SA_SIGINFO
SIGTERM: [libjvm.so+0x745d10], sa_mask[0]=11111111011111111101111111111110, sa_flags=SA_RESTART|SA_SIGINFO
SIGQUIT: [libjvm.so+0x745d10], sa_mask[0]=11111111011111111101111111111110, sa_flags=SA_RESTART|SA_SIGINFO


---------------  S Y S T E M  ---------------

OS:DISTRIB_ID=Ubuntu
DISTRIB_RELEASE=14.04
DISTRIB_CODENAME=trusty
DISTRIB_DESCRIPTION="Ubuntu 14.04.2 LTS"

uname:Linux 3.13.0-49-generic #83-Ubuntu SMP Fri Apr 10 20:14:51 UTC 2015 i686
libc:glibc 2.19 NPTL 2.19 
rlimit: STACK 8192k, CORE 0k, NPROC 31680, NOFILE 4096, AS infinity
load average:9,81 2,77 1,36

/proc/meminfo:
MemTotal:        4074340 kB
MemFree:          218404 kB
Buffers:             432 kB
Cached:            56224 kB
SwapCached:            0 kB
Active:          3523760 kB
Inactive:          53168 kB
Active(anon):    3521452 kB
Inactive(anon):    42360 kB
Active(file):       2308 kB
Inactive(file):    10808 kB
Unevictable:           0 kB
Mlocked:               0 kB
HighTotal:       3219240 kB
HighFree:          40312 kB
LowTotal:         855100 kB
LowFree:          178092 kB
SwapTotal:             0 kB
SwapFree:              0 kB
Dirty:                40 kB
Writeback:             0 kB
AnonPages:       3520620 kB
Mapped:           197244 kB
Shmem:             43192 kB
Slab:              61280 kB
SReclaimable:      28272 kB
SUnreclaim:        33008 kB
KernelStack:        6024 kB
PageTables:        17896 kB
NFS_Unstable:          0 kB
Bounce:                0 kB
WritebackTmp:          0 kB
CommitLimit:     2037168 kB
Committed_AS:    8482228 kB
VmallocTotal:     122880 kB
VmallocUsed:       56528 kB
VmallocChunk:      58644 kB
HardwareCorrupted:     0 kB
AnonHugePages:   1388544 kB
HugePages_Total:       0
HugePages_Free:        0
HugePages_Rsvd:        0
HugePages_Surp:        0
Hugepagesize:       2048 kB
DirectMap4k:      346104 kB
DirectMap2M:      567296 kB


CPU:total 4 (4 cores per cpu, 1 threads per core) family 6 model 58 stepping 9, cmov, cx8, fxsr, mmx, sse, sse2, sse3, ssse3, sse4.1, sse4.2, popcnt, avx, aes, clmul, erms, tsc, tscinvbit, tscinv

/proc/cpuinfo:
processor	: 0
vendor_id	: GenuineIntel
cpu family	: 6
model		: 58
model name	: Intel(R) Core(TM) i5-3570 CPU @ 3.40GHz
stepping	: 9
microcode	: 0x12
cpu MHz		: 3401.000
cache size	: 6144 KB
physical id	: 0
siblings	: 4
core id		: 0
cpu cores	: 4
apicid		: 0
initial apicid	: 0
fdiv_bug	: no
f00f_bug	: no
coma_bug	: no
fpu		: yes
fpu_exception	: yes
cpuid level	: 13
wp		: yes
flags		: fpu vme de pse tsc msr pae mce cx8 apic sep mtrr pge mca cmov pat pse36 clflush dts acpi mmx fxsr sse sse2 ss ht tm pbe nx rdtscp lm constant_tsc arch_perfmon pebs bts xtopology nonstop_tsc aperfmperf eagerfpu pni pclmulqdq dtes64 monitor ds_cpl vmx smx est tm2 ssse3 cx16 xtpr pdcm pcid sse4_1 sse4_2 x2apic popcnt tsc_deadline_timer aes xsave avx f16c rdrand lahf_lm ida arat epb xsaveopt pln pts dtherm tpr_shadow vnmi flexpriority ept vpid fsgsbase smep erms
bogomips	: 6784.67
clflush size	: 64
cache_alignment	: 64
address sizes	: 36 bits physical, 48 bits virtual
power management:

processor	: 1
vendor_id	: GenuineIntel
cpu family	: 6
model		: 58
model name	: Intel(R) Core(TM) i5-3570 CPU @ 3.40GHz
stepping	: 9
microcode	: 0x12
cpu MHz		: 3401.000
cache size	: 6144 KB
physical id	: 0
siblings	: 4
core id		: 1
cpu cores	: 4
apicid		: 2
initial apicid	: 2
fdiv_bug	: no
f00f_bug	: no
coma_bug	: no
fpu		: yes
fpu_exception	: yes
cpuid level	: 13
wp		: yes
flags		: fpu vme de pse tsc msr pae mce cx8 apic sep mtrr pge mca cmov pat pse36 clflush dts acpi mmx fxsr sse sse2 ss ht tm pbe nx rdtscp lm constant_tsc arch_perfmon pebs bts xtopology nonstop_tsc aperfmperf eagerfpu pni pclmulqdq dtes64 monitor ds_cpl vmx smx est tm2 ssse3 cx16 xtpr pdcm pcid sse4_1 sse4_2 x2apic popcnt tsc_deadline_timer aes xsave avx f16c rdrand lahf_lm ida arat epb xsaveopt pln pts dtherm tpr_shadow vnmi flexpriority ept vpid fsgsbase smep erms
bogomips	: 6784.67
clflush size	: 64
cache_alignment	: 64
address sizes	: 36 bits physical, 48 bits virtual
power management:

processor	: 2
vendor_id	: GenuineIntel
cpu family	: 6
model		: 58
model name	: Intel(R) Core(TM) i5-3570 CPU @ 3.40GHz
stepping	: 9
microcode	: 0x12
cpu MHz		: 3401.000
cache size	: 6144 KB
physical id	: 0
siblings	: 4
core id		: 2
cpu cores	: 4
apicid		: 4
initial apicid	: 4
fdiv_bug	: no
f00f_bug	: no
coma_bug	: no
fpu		: yes
fpu_exception	: yes
cpuid level	: 13
wp		: yes
flags		: fpu vme de pse tsc msr pae mce cx8 apic sep mtrr pge mca cmov pat pse36 clflush dts acpi mmx fxsr sse sse2 ss ht tm pbe nx rdtscp lm constant_tsc arch_perfmon pebs bts xtopology nonstop_tsc aperfmperf eagerfpu pni pclmulqdq dtes64 monitor ds_cpl vmx smx est tm2 ssse3 cx16 xtpr pdcm pcid sse4_1 sse4_2 x2apic popcnt tsc_deadline_timer aes xsave avx f16c rdrand lahf_lm ida arat epb xsaveopt pln pts dtherm tpr_shadow vnmi flexpriority ept vpid fsgsbase smep erms
bogomips	: 6784.67
clflush size	: 64
cache_alignment	: 64
address sizes	: 36 bits physical, 48 bits virtual
power management:

processor	: 3
vendor_id	: GenuineIntel
cpu family	: 6
model		: 58
model name	: Intel(R) Core(TM) i5-3570 CPU @ 3.40GHz
stepping	: 9
microcode	: 0x12
cpu MHz		: 3401.000
cache size	: 6144 KB
physical id	: 0
siblings	: 4
core id		: 3
cpu cores	: 4
apicid		: 6
initial apicid	: 6
fdiv_bug	: no
f00f_bug	: no
coma_bug	: no
fpu		: yes
fpu_exception	: yes
cpuid level	: 13
wp		: yes
flags		: fpu vme de pse tsc msr pae mce cx8 apic sep mtrr pge mca cmov pat pse36 clflush dts acpi mmx fxsr sse sse2 ss ht tm pbe nx rdtscp lm constant_tsc arch_perfmon pebs bts xtopology nonstop_tsc aperfmperf eagerfpu pni pclmulqdq dtes64 monitor ds_cpl vmx smx est tm2 ssse3 cx16 xtpr pdcm pcid sse4_1 sse4_2 x2apic popcnt tsc_deadline_timer aes xsave avx f16c rdrand lahf_lm ida arat epb xsaveopt pln pts dtherm tpr_shadow vnmi flexpriority ept vpid fsgsbase smep erms
bogomips	: 6784.67
clflush size	: 64
cache_alignment	: 64
address sizes	: 36 bits physical, 48 bits virtual
power management:



Memory: 4k page, physical 4074340k(218404k free), swap 0k(0k free)

vm_info: Java HotSpot(TM) Server VM (25.45-b02) for linux-x86 JRE (1.8.0_45-b14), built on Apr 10 2015 10:38:30 by "java_re" with gcc 4.3.0 20080428 (Red Hat 4.3.0-8)

time: Tue Jun 16 09:17:08 2015
elapsed time: 25 seconds (0d 0h 0m 25s)

